{"/home/emmanuel/tutCodes/vending-machine/test.js":{"path":"/home/emmanuel/tutCodes/vending-machine/test.js","s":{"1":1,"2":1,"3":1,"4":1,"5":1,"6":1,"7":1,"8":1,"9":1,"10":1,"11":1,"12":1,"13":1,"14":1,"15":1,"16":1,"17":1,"18":1,"19":1,"20":1,"21":1,"22":1,"23":1},"b":{"1":[1,0],"2":[1,1],"3":[1,0],"4":[1,1]},"f":{"1":1,"2":1,"3":1,"4":1},"fnMap":{"1":{"name":"(anonymous_1)","line":12,"loc":{"start":{"line":12,"column":56},"end":{"line":12,"column":73}}},"2":{"name":"(anonymous_2)","line":18,"loc":{"start":{"line":18,"column":58},"end":{"line":18,"column":75}}},"3":{"name":"(anonymous_3)","line":24,"loc":{"start":{"line":24,"column":57},"end":{"line":24,"column":74}}},"4":{"name":"(anonymous_4)","line":30,"loc":{"start":{"line":30,"column":73},"end":{"line":30,"column":90}}}},"statementMap":{"1":{"start":{"line":4,"column":0},"end":{"line":10,"column":1}},"2":{"start":{"line":5,"column":2},"end":{"line":5,"column":33},"skip":true},"3":{"start":{"line":7,"column":2},"end":{"line":7,"column":24},"skip":true},"4":{"start":{"line":8,"column":2},"end":{"line":8,"column":43},"skip":true},"5":{"start":{"line":9,"column":2},"end":{"line":9,"column":41},"skip":true},"6":{"start":{"line":12,"column":0},"end":{"line":16,"column":3}},"7":{"start":{"line":13,"column":2},"end":{"line":13,"column":31}},"8":{"start":{"line":14,"column":2},"end":{"line":14,"column":20}},"9":{"start":{"line":15,"column":2},"end":{"line":15,"column":37}},"10":{"start":{"line":18,"column":0},"end":{"line":22,"column":3}},"11":{"start":{"line":19,"column":2},"end":{"line":19,"column":35}},"12":{"start":{"line":20,"column":2},"end":{"line":20,"column":33}},"13":{"start":{"line":21,"column":2},"end":{"line":21,"column":37}},"14":{"start":{"line":24,"column":0},"end":{"line":28,"column":3}},"15":{"start":{"line":25,"column":2},"end":{"line":25,"column":35}},"16":{"start":{"line":26,"column":2},"end":{"line":26,"column":33}},"17":{"start":{"line":27,"column":2},"end":{"line":27,"column":37}},"18":{"start":{"line":30,"column":0},"end":{"line":34,"column":3}},"19":{"start":{"line":31,"column":2},"end":{"line":31,"column":34}},"20":{"start":{"line":32,"column":2},"end":{"line":32,"column":49}},"21":{"start":{"line":33,"column":2},"end":{"line":33,"column":37}},"22":{"start":{"line":37,"column":0},"end":{"line":37,"column":70},"skip":true},"23":{"start":{"line":37,"column":55},"end":{"line":37,"column":68},"skip":true}},"branchMap":{"1":{"line":4,"type":"if","locations":[{"start":{"line":4,"column":0},"end":{"line":4,"column":0},"skip":true},{"start":{"line":4,"column":0},"end":{"line":4,"column":0}}]},"2":{"line":4,"type":"binary-expr","locations":[{"start":{"line":4,"column":4},"end":{"line":4,"column":33}},{"start":{"line":4,"column":37},"end":{"line":4,"column":51}}]},"3":{"line":37,"type":"if","locations":[{"start":{"line":37,"column":0},"end":{"line":37,"column":0},"skip":true},{"start":{"line":37,"column":0},"end":{"line":37,"column":0},"skip":true}]},"4":{"line":37,"type":"binary-expr","locations":[{"start":{"line":37,"column":4},"end":{"line":37,"column":33},"skip":true},{"start":{"line":37,"column":37},"end":{"line":37,"column":51},"skip":true}]}}},"/home/emmanuel/tutCodes/vending-machine/change.js":{"path":"/home/emmanuel/tutCodes/vending-machine/change.js","s":{"1":1,"2":1,"3":4,"4":4,"5":4,"6":4,"7":32,"8":32,"9":32,"10":15,"11":16,"12":16,"13":4,"14":1,"15":1},"b":{"1":[15,17],"2":[1,0],"3":[1,1]},"f":{"1":4},"fnMap":{"1":{"name":"getChange","line":2,"loc":{"start":{"line":2,"column":0},"end":{"line":2,"column":34}}}},"statementMap":{"1":{"start":{"line":1,"column":0},"end":{"line":1,"column":43}},"2":{"start":{"line":2,"column":0},"end":{"line":27,"column":1}},"3":{"start":{"line":3,"column":4},"end":{"line":3,"column":20}},"4":{"start":{"line":4,"column":4},"end":{"line":4,"column":30}},"5":{"start":{"line":5,"column":4},"end":{"line":5,"column":35}},"6":{"start":{"line":7,"column":4},"end":{"line":18,"column":5}},"7":{"start":{"line":8,"column":8},"end":{"line":8,"column":28}},"8":{"start":{"line":10,"column":8},"end":{"line":10,"column":59}},"9":{"start":{"line":11,"column":8},"end":{"line":17,"column":9}},"10":{"start":{"line":13,"column":12},"end":{"line":16,"column":13}},"11":{"start":{"line":14,"column":16},"end":{"line":14,"column":34}},"12":{"start":{"line":15,"column":16},"end":{"line":15,"column":45}},"13":{"start":{"line":25,"column":6},"end":{"line":25,"column":20}},"14":{"start":{"line":32,"column":0},"end":{"line":34,"column":1},"skip":true},"15":{"start":{"line":33,"column":2},"end":{"line":33,"column":29},"skip":true}},"branchMap":{"1":{"line":11,"type":"if","locations":[{"start":{"line":11,"column":8},"end":{"line":11,"column":8}},{"start":{"line":11,"column":8},"end":{"line":11,"column":8}}]},"2":{"line":32,"type":"if","locations":[{"start":{"line":32,"column":0},"end":{"line":32,"column":0},"skip":true},{"start":{"line":32,"column":0},"end":{"line":32,"column":0},"skip":true}]},"3":{"line":32,"type":"binary-expr","locations":[{"start":{"line":32,"column":4},"end":{"line":32,"column":33},"skip":true},{"start":{"line":32,"column":37},"end":{"line":32,"column":51},"skip":true}]}}}}